p/1545733568941.jpg 1 0 0 225 225
p/1545733568962.jpg 1 0 0 225 225
p/download2.jpg 1 0 0 225 225
p/1545733568863.jpg 1 0 0 217 232
p/1545733568874.jpg 1 0 0 217 232
p/download.jpg 1 0 0 217 232
p/1545733569007.jpg 1 0 0 225 225
p/1545733569016.jpg 1 0 0 225 225
p/images1.jpg 1 0 0 225 225
p/1545733568885.jpg 1 0 0 225 224
p/1545733568929.jpg 1 0 0 225 224
p/download1.jpg 1 0 0 225 224
p/10.jpg 1 0 0 225 225
p/1545733568752.jpg 1 0 0 225 225
p/1545733568773.jpg 1 0 0 225 225
p/10cent.jpg 1 0 0 225 225
p/1545733568809.jpg 1 0 0 225 225
p/1545733568851.jpg 1 0 0 225 225
p/1545733568976.jpg 1 0 0 219 231
p/1545733568984.jpg 1 0 0 219 231
p/images.jpg 1 0 0 219 231
p/1545733569028.jpg 1 0 0 156 158
p/1545733569040.jpg 1 0 0 156 158
p/images2.jpg 1 0 0 156 158